2025-09-09 10:38:40,328 - INFO - Aggregating rarity data from multiple enhanced sources...
2025-09-09 10:38:40,330 - INFO - Fetching structured spawn data...
2025-09-09 10:38:40,767 - INFO - {"event": "request", "url": "https://raw.githubusercontent.com/Biuni/PokemonGO-Pokedex/master/pokedex.json", "status": 200, "attempt": 1, "latency": 0.44, "request_id": "af69d72c"}
2025-09-09 10:38:40,768 - INFO - Loading enhanced curated spawn data...
2025-09-09 10:38:40,768 - INFO - Loaded 365 Pokemon spawn rates from enhanced curated data
2025-09-09 10:38:40,768 - INFO - Attempting to scrape Pokemon Database...
2025-09-09 10:38:41,023 - INFO - {"event": "request", "url": "https://pokemondb.net/pokedex/bulbasaur", "status": 200, "attempt": 1, "latency": 0.25, "request_id": "3eb050b4"}
2025-09-09 10:38:41,085 - INFO - {"event": "request", "url": "https://pokemondb.net/pokedex/ivysaur", "status": 200, "attempt": 1, "latency": 0.02, "request_id": "5d909dee"}
2025-09-09 10:38:41,175 - INFO - {"event": "request", "url": "https://pokemondb.net/pokedex/venusaur", "status": 200, "attempt": 1, "latency": 0.05, "request_id": "dc51a8c9"}
2025-09-09 10:38:41,248 - INFO - {"event": "request", "url": "https://pokemondb.net/pokedex/charmander", "status": 200, "attempt": 1, "latency": 0.03, "request_id": "c681ee44"}
2025-09-09 10:38:41,315 - INFO - {"event": "request", "url": "https://pokemondb.net/pokedex/charmeleon", "status": 200, "attempt": 1, "latency": 0.02, "request_id": "4268b794"}
2025-09-09 10:38:41,403 - INFO - {"event": "request", "url": "https://pokemondb.net/pokedex/charizard", "status": 200, "attempt": 1, "latency": 0.05, "request_id": "8faf1cd5"}
2025-09-09 10:38:41,489 - INFO - {"event": "request", "url": "https://pokemondb.net/pokedex/squirtle", "status": 200, "attempt": 1, "latency": 0.03, "request_id": "1bbf61e8"}
2025-09-09 10:38:41,554 - INFO - {"event": "request", "url": "https://pokemondb.net/pokedex/wartortle", "status": 200, "attempt": 1, "latency": 0.02, "request_id": "598bc10c"}
2025-09-09 10:38:41,678 - INFO - {"event": "request", "url": "https://pokemondb.net/pokedex/blastoise", "status": 200, "attempt": 1, "latency": 0.05, "request_id": "fa0e2de1"}
2025-09-09 10:38:41,756 - INFO - {"event": "request", "url": "https://pokemondb.net/pokedex/caterpie", "status": 200, "attempt": 1, "latency": 0.03, "request_id": "ab8a8f5c"}
2025-09-09 10:38:41,804 - INFO - {"event": "request", "url": "https://pokemondb.net/pokedex/metapod", "status": 200, "attempt": 1, "latency": 0.03, "request_id": "e1692eae"}
2025-09-09 10:38:41,849 - INFO - {"event": "request", "url": "https://pokemondb.net/pokedex/butterfree", "status": 200, "attempt": 1, "latency": 0.03, "request_id": "6208e2a0"}
2025-09-09 10:38:41,921 - INFO - {"event": "request", "url": "https://pokemondb.net/pokedex/weedle", "status": 200, "attempt": 1, "latency": 0.03, "request_id": "13273806"}
2025-09-09 10:38:41,962 - INFO - {"event": "request", "url": "https://pokemondb.net/pokedex/kakuna", "status": 200, "attempt": 1, "latency": 0.02, "request_id": "0139eec9"}
2025-09-09 10:38:42,007 - INFO - {"event": "request", "url": "https://pokemondb.net/pokedex/beedrill", "status": 200, "attempt": 1, "latency": 0.02, "request_id": "57f51cb3"}
2025-09-09 10:38:42,071 - INFO - {"event": "request", "url": "https://pokemondb.net/pokedex/pidgey", "status": 200, "attempt": 1, "latency": 0.03, "request_id": "1aea84aa"}
2025-09-09 10:38:42,145 - INFO - {"event": "request", "url": "https://pokemondb.net/pokedex/pidgeotto", "status": 200, "attempt": 1, "latency": 0.04, "request_id": "cca03ceb"}
2025-09-09 10:38:42,200 - INFO - {"event": "request", "url": "https://pokemondb.net/pokedex/pidgeot", "status": 200, "attempt": 1, "latency": 0.03, "request_id": "fd1aabd8"}
2025-09-09 10:38:42,264 - INFO - {"event": "request", "url": "https://pokemondb.net/pokedex/rattata", "status": 200, "attempt": 1, "latency": 0.03, "request_id": "b6622594"}
2025-09-09 10:38:42,365 - INFO - {"event": "request", "url": "https://pokemondb.net/pokedex/rattata", "status": 200, "attempt": 1, "latency": 0.05, "request_id": "9eeea151"}
2025-09-09 10:38:42,439 - INFO - {"event": "request", "url": "https://pokemondb.net/pokedex/raticate", "status": 200, "attempt": 1, "latency": 0.02, "request_id": "de8226fd"}
2025-09-09 10:38:42,515 - INFO - {"event": "request", "url": "https://pokemondb.net/pokedex/raticate", "status": 200, "attempt": 1, "latency": 0.02, "request_id": "0343519c"}
2025-09-09 10:38:42,593 - INFO - {"event": "request", "url": "https://pokemondb.net/pokedex/spearow", "status": 200, "attempt": 1, "latency": 0.02, "request_id": "d9b9676c"}
2025-09-09 10:38:42,646 - INFO - {"event": "request", "url": "https://pokemondb.net/pokedex/fearow", "status": 200, "attempt": 1, "latency": 0.02, "request_id": "4df66fd9"}
2025-09-09 10:38:42,705 - INFO - {"event": "request", "url": "https://pokemondb.net/pokedex/ekans", "status": 200, "attempt": 1, "latency": 0.03, "request_id": "d8ed515e"}
2025-09-09 10:38:42,782 - INFO - {"event": "request", "url": "https://pokemondb.net/pokedex/arbok", "status": 200, "attempt": 1, "latency": 0.03, "request_id": "7ec5b702"}
2025-09-09 10:38:42,857 - INFO - {"event": "request", "url": "https://pokemondb.net/pokedex/pikachu", "status": 200, "attempt": 1, "latency": 0.03, "request_id": "26499a7f"}
2025-09-09 10:38:43,006 - INFO - {"event": "request", "url": "https://pokemondb.net/pokedex/raichu", "status": 200, "attempt": 1, "latency": 0.03, "request_id": "2b96c4a0"}
2025-09-09 10:38:43,091 - INFO - {"event": "request", "url": "https://pokemondb.net/pokedex/raichu", "status": 200, "attempt": 1, "latency": 0.03, "request_id": "6dea84ff"}
2025-09-09 10:38:43,175 - INFO - {"event": "request", "url": "https://pokemondb.net/pokedex/sandshrew", "status": 200, "attempt": 1, "latency": 0.02, "request_id": "21301c0f"}
2025-09-09 10:38:43,270 - INFO - {"event": "request", "url": "https://pokemondb.net/pokedex/sandshrew", "status": 200, "attempt": 1, "latency": 0.03, "request_id": "4a2d8073"}
2025-09-09 10:38:43,358 - INFO - {"event": "request", "url": "https://pokemondb.net/pokedex/sandslash", "status": 200, "attempt": 1, "latency": 0.02, "request_id": "6b88ff7d"}
2025-09-09 10:38:43,450 - INFO - {"event": "request", "url": "https://pokemondb.net/pokedex/sandslash", "status": 200, "attempt": 1, "latency": 0.03, "request_id": "776c5931"}
2025-09-09 10:38:43,548 - INFO - {"event": "request", "url": "https://pokemondb.net/pokedex/nidoran-f", "status": 200, "attempt": 1, "latency": 0.03, "request_id": "8579278f"}
2025-09-09 10:38:43,616 - INFO - {"event": "request", "url": "https://pokemondb.net/pokedex/nidorina", "status": 200, "attempt": 1, "latency": 0.03, "request_id": "d0128a15"}
2025-09-09 10:38:43,677 - INFO - {"event": "request", "url": "https://pokemondb.net/pokedex/nidoqueen", "status": 200, "attempt": 1, "latency": 0.02, "request_id": "2c882b08"}
2025-09-09 10:38:43,766 - INFO - {"event": "request", "url": "https://pokemondb.net/pokedex/nidoran-m", "status": 200, "attempt": 1, "latency": 0.04, "request_id": "4bf128ef"}
2025-09-09 10:38:43,830 - INFO - {"event": "request", "url": "https://pokemondb.net/pokedex/nidorino", "status": 200, "attempt": 1, "latency": 0.02, "request_id": "be3b8498"}
2025-09-09 10:38:43,891 - INFO - {"event": "request", "url": "https://pokemondb.net/pokedex/nidoking", "status": 200, "attempt": 1, "latency": 0.03, "request_id": "721d2532"}
2025-09-09 10:38:43,970 - INFO - {"event": "request", "url": "https://pokemondb.net/pokedex/clefairy", "status": 200, "attempt": 1, "latency": 0.03, "request_id": "320eb63d"}
2025-09-09 10:38:44,118 - INFO - {"event": "request", "url": "https://pokemondb.net/pokedex/clefable", "status": 200, "attempt": 1, "latency": 0.03, "request_id": "7cc58312"}
2025-09-09 10:38:44,187 - INFO - {"event": "request", "url": "https://pokemondb.net/pokedex/vulpix", "status": 200, "attempt": 1, "latency": 0.03, "request_id": "5329005e"}
2025-09-09 10:38:44,273 - INFO - {"event": "request", "url": "https://pokemondb.net/pokedex/vulpix", "status": 200, "attempt": 1, "latency": 0.03, "request_id": "03d2ce59"}
2025-09-09 10:38:44,367 - INFO - {"event": "request", "url": "https://pokemondb.net/pokedex/ninetales", "status": 200, "attempt": 1, "latency": 0.04, "request_id": "6d72c9b9"}
2025-09-09 10:38:44,454 - INFO - {"event": "request", "url": "https://pokemondb.net/pokedex/ninetales", "status": 200, "attempt": 1, "latency": 0.03, "request_id": "1ae483fc"}
2025-09-09 10:38:44,542 - INFO - {"event": "request", "url": "https://pokemondb.net/pokedex/jigglypuff", "status": 200, "attempt": 1, "latency": 0.03, "request_id": "9501c67f"}
2025-09-09 10:38:44,617 - INFO - {"event": "request", "url": "https://pokemondb.net/pokedex/wigglytuff", "status": 200, "attempt": 1, "latency": 0.02, "request_id": "927ad4d7"}
2025-09-09 10:38:44,700 - INFO - {"event": "request", "url": "https://pokemondb.net/pokedex/zubat", "status": 200, "attempt": 1, "latency": 0.03, "request_id": "8a7f29d8"}
2025-09-09 10:38:44,761 - INFO - {"event": "request", "url": "https://pokemondb.net/pokedex/golbat", "status": 200, "attempt": 1, "latency": 0.02, "request_id": "d0eb4d1a"}
2025-09-09 10:38:44,824 - INFO - {"event": "request", "url": "https://pokemondb.net/pokedex/oddish", "status": 200, "attempt": 1, "latency": 0.03, "request_id": "1ba376f1"}
2025-09-09 10:38:44,889 - INFO - {"event": "request", "url": "https://pokemondb.net/pokedex/gloom", "status": 200, "attempt": 1, "latency": 0.03, "request_id": "4c318dbe"}
2025-09-09 10:38:44,948 - INFO - {"event": "request", "url": "https://pokemondb.net/pokedex/vileplume", "status": 200, "attempt": 1, "latency": 0.02, "request_id": "9289de02"}
